<?xml version="1.0" encoding="UTF-8"?>
<testng-results skipped="0" failed="0" ignored="0" total="1" passed="1">
  <reporter-output>
  </reporter-output>
  <suite name="DemoProjectSuite" duration-ms="22875" started-at="2018-08-01T14:15:17Z" finished-at="2018-08-01T14:15:40Z">
    <groups>
    </groups>
    <test name="DemoProjectTest" duration-ms="22875" started-at="2018-08-01T14:15:17Z" finished-at="2018-08-01T14:15:40Z">
      <class name="DemoPack.DemoProject.TC_001">
        <test-method status="PASS" signature="startProcess()[pri:0, instance:DemoPack.DemoProject.TC_001@544a2ea6]" name="startProcess" is-config="true" duration-ms="13411" started-at="2018-08-01T14:15:17Z" finished-at="2018-08-01T14:15:30Z">
          <reporter-output>
          </reporter-output>
        </test-method> <!-- startProcess -->
        <test-method status="PASS" signature="customerRegistration()[pri:0, instance:DemoPack.DemoProject.TC_001@544a2ea6]" name="customerRegistration" duration-ms="9425" started-at="2018-08-01T14:15:30Z" finished-at="2018-08-01T14:15:40Z">
          <reporter-output>
          </reporter-output>
        </test-method> <!-- customerRegistration -->
        <test-method status="PASS" signature="endProcess()[pri:0, instance:DemoPack.DemoProject.TC_001@544a2ea6]" name="endProcess" is-config="true" duration-ms="0" started-at="2018-08-01T14:15:40Z" finished-at="2018-08-01T14:15:40Z">
          <reporter-output>
          </reporter-output>
        </test-method> <!-- endProcess -->
      </class> <!-- DemoPack.DemoProject.TC_001 -->
    </test> <!-- DemoProjectTest -->
  </suite> <!-- DemoProjectSuite -->
</testng-results>
